[2020-11-15T13:20:56.290] [DEBUG] cheese - login => username:admin,password:123456
[2020-11-15T13:20:56.291] [DEBUG] cheese - admin
[2020-11-15T13:20:56.304] [DEBUG] cheese - null
[2020-11-15T13:20:56.305] [DEBUG] cheese - null
[2020-11-15T13:22:21.206] [DEBUG] cheese - login => username:admin,password:123456
[2020-11-15T13:22:21.206] [DEBUG] cheese - admin
[2020-11-15T13:22:21.209] [DEBUG] cheese - null
[2020-11-15T13:22:21.209] [DEBUG] cheese - null
[2020-11-15T13:23:27.793] [DEBUG] cheese - login => username:admin,password:123456
[2020-11-15T13:23:27.793] [DEBUG] cheese - admin
[2020-11-15T13:23:27.795] [DEBUG] cheese - null
[2020-11-15T13:23:27.795] [DEBUG] cheese - null
[2020-11-15T13:23:28.984] [DEBUG] cheese - login => username:admin,password:123456
[2020-11-15T13:23:28.984] [DEBUG] cheese - admin
[2020-11-15T13:23:28.987] [DEBUG] cheese - null
[2020-11-15T13:23:28.987] [DEBUG] cheese - null
[2020-11-15T13:23:29.709] [DEBUG] cheese - login => username:admin,password:123456
[2020-11-15T13:23:29.710] [DEBUG] cheese - admin
[2020-11-15T13:23:29.711] [DEBUG] cheese - null
[2020-11-15T13:23:29.711] [DEBUG] cheese - null
[2020-11-15T13:23:29.928] [DEBUG] cheese - login => username:admin,password:123456
[2020-11-15T13:23:29.928] [DEBUG] cheese - admin
[2020-11-15T13:23:29.930] [DEBUG] cheese - null
[2020-11-15T13:23:29.930] [DEBUG] cheese - null
[2020-11-15T13:23:30.248] [DEBUG] cheese - login => username:admin,password:123456
[2020-11-15T13:23:30.248] [DEBUG] cheese - admin
[2020-11-15T13:23:30.251] [DEBUG] cheese - null
[2020-11-15T13:23:30.251] [DEBUG] cheese - null
[2020-11-15T13:23:31.330] [DEBUG] cheese - login => username:admin,password:123456
[2020-11-15T13:23:31.330] [DEBUG] cheese - admin
[2020-11-15T13:23:31.332] [DEBUG] cheese - null
[2020-11-15T13:23:31.332] [DEBUG] cheese - null
[2020-11-15T13:23:31.515] [DEBUG] cheese - login => username:admin,password:123456
[2020-11-15T13:23:31.515] [DEBUG] cheese - admin
[2020-11-15T13:23:31.517] [DEBUG] cheese - null
[2020-11-15T13:23:31.517] [DEBUG] cheese - null
[2020-11-15T13:23:32.507] [DEBUG] cheese - login => username:admin,password:123456
[2020-11-15T13:23:32.507] [DEBUG] cheese - admin
[2020-11-15T13:23:32.508] [DEBUG] cheese - null
[2020-11-15T13:23:32.509] [DEBUG] cheese - null
[2020-11-15T13:23:32.673] [DEBUG] cheese - login => username:admin,password:123456
[2020-11-15T13:23:32.673] [DEBUG] cheese - admin
[2020-11-15T13:23:32.675] [DEBUG] cheese - null
[2020-11-15T13:23:32.675] [DEBUG] cheese - null
[2020-11-15T13:23:32.820] [DEBUG] cheese - login => username:admin,password:123456
[2020-11-15T13:23:32.820] [DEBUG] cheese - admin
[2020-11-15T13:23:32.821] [DEBUG] cheese - null
[2020-11-15T13:23:32.822] [DEBUG] cheese - null
[2020-11-15T13:23:32.975] [DEBUG] cheese - login => username:admin,password:123456
[2020-11-15T13:23:32.975] [DEBUG] cheese - admin
[2020-11-15T13:23:32.976] [DEBUG] cheese - null
[2020-11-15T13:23:32.977] [DEBUG] cheese - null
[2020-11-15T13:23:33.123] [DEBUG] cheese - login => username:admin,password:123456
[2020-11-15T13:23:33.123] [DEBUG] cheese - admin
[2020-11-15T13:23:33.125] [DEBUG] cheese - null
[2020-11-15T13:23:33.125] [DEBUG] cheese - null
[2020-11-15T13:23:33.293] [DEBUG] cheese - login => username:admin,password:123456
[2020-11-15T13:23:33.293] [DEBUG] cheese - admin
[2020-11-15T13:23:33.295] [DEBUG] cheese - null
[2020-11-15T13:23:33.295] [DEBUG] cheese - null
[2020-11-15T13:23:33.458] [DEBUG] cheese - login => username:admin,password:123456
[2020-11-15T13:23:33.459] [DEBUG] cheese - admin
[2020-11-15T13:23:33.461] [DEBUG] cheese - null
[2020-11-15T13:23:33.461] [DEBUG] cheese - null
[2020-11-15T13:23:33.832] [DEBUG] cheese - login => username:admin,password:123456
[2020-11-15T13:23:33.832] [DEBUG] cheese - admin
[2020-11-15T13:23:33.834] [DEBUG] cheese - null
[2020-11-15T13:23:33.834] [DEBUG] cheese - null
[2020-11-15T13:23:36.295] [DEBUG] cheese - login => username:admin,password:123456
[2020-11-15T13:23:36.295] [DEBUG] cheese - admin
[2020-11-15T13:23:36.298] [DEBUG] cheese - null
[2020-11-15T13:23:36.298] [DEBUG] cheese - null
[2020-11-15T13:23:36.443] [DEBUG] cheese - login => username:admin,password:123456
[2020-11-15T13:23:36.443] [DEBUG] cheese - admin
[2020-11-15T13:23:36.445] [DEBUG] cheese - null
[2020-11-15T13:23:36.445] [DEBUG] cheese - null
[2020-11-15T13:23:36.605] [DEBUG] cheese - login => username:admin,password:123456
[2020-11-15T13:23:36.605] [DEBUG] cheese - admin
[2020-11-15T13:23:36.606] [DEBUG] cheese - null
[2020-11-15T13:23:36.607] [DEBUG] cheese - null
[2020-11-15T13:23:36.772] [DEBUG] cheese - login => username:admin,password:123456
[2020-11-15T13:23:36.773] [DEBUG] cheese - admin
[2020-11-15T13:23:36.774] [DEBUG] cheese - null
[2020-11-15T13:23:36.774] [DEBUG] cheese - null
[2020-11-15T13:23:46.905] [DEBUG] cheese - login => username:admin,password:123456
[2020-11-15T13:23:46.905] [DEBUG] cheese - admin
[2020-11-15T13:23:46.907] [DEBUG] cheese - null
[2020-11-15T13:23:46.907] [DEBUG] cheese - null
[2020-11-15T13:23:47.489] [DEBUG] cheese - login => username:admin,password:123456
[2020-11-15T13:23:47.489] [DEBUG] cheese - admin
[2020-11-15T13:23:47.491] [DEBUG] cheese - null
[2020-11-15T13:23:47.491] [DEBUG] cheese - null
[2020-11-15T13:23:47.892] [DEBUG] cheese - login => username:admin,password:123456
[2020-11-15T13:23:47.892] [DEBUG] cheese - admin
[2020-11-15T13:23:47.894] [DEBUG] cheese - null
[2020-11-15T13:23:47.894] [DEBUG] cheese - null
[2020-11-15T13:23:48.298] [DEBUG] cheese - login => username:admin,password:123456
[2020-11-15T13:23:48.298] [DEBUG] cheese - admin
[2020-11-15T13:23:48.301] [DEBUG] cheese - null
[2020-11-15T13:23:48.301] [DEBUG] cheese - null
[2020-11-15T13:23:48.697] [DEBUG] cheese - login => username:admin,password:123456
[2020-11-15T13:23:48.697] [DEBUG] cheese - admin
[2020-11-15T13:23:48.699] [DEBUG] cheese - null
[2020-11-15T13:23:48.699] [DEBUG] cheese - null
[2020-11-15T13:23:49.083] [DEBUG] cheese - login => username:admin,password:123456
[2020-11-15T13:23:49.083] [DEBUG] cheese - admin
[2020-11-15T13:23:49.086] [DEBUG] cheese - null
[2020-11-15T13:23:49.086] [DEBUG] cheese - null
[2020-11-15T13:23:49.467] [DEBUG] cheese - login => username:admin,password:123456
[2020-11-15T13:23:49.467] [DEBUG] cheese - admin
[2020-11-15T13:23:49.469] [DEBUG] cheese - null
[2020-11-15T13:23:49.469] [DEBUG] cheese - null
[2020-11-15T13:23:49.882] [DEBUG] cheese - login => username:admin,password:123456
[2020-11-15T13:23:49.882] [DEBUG] cheese - admin
[2020-11-15T13:23:49.884] [DEBUG] cheese - null
[2020-11-15T13:23:49.885] [DEBUG] cheese - null
[2020-11-15T13:24:23.836] [DEBUG] cheese - login => username:admin,password:123456
[2020-11-15T13:24:23.836] [DEBUG] cheese - admin
[2020-11-15T13:24:23.838] [DEBUG] cheese - null
[2020-11-15T13:24:23.838] [DEBUG] cheese - null
[2020-11-15T13:24:49.354] [DEBUG] cheese - login => username:admin,password:123456
[2020-11-15T13:24:49.354] [DEBUG] cheese - admin
[2020-11-15T13:24:49.357] [DEBUG] cheese - null
[2020-11-15T13:24:49.357] [DEBUG] cheese - null
[2020-11-15T13:25:11.938] [DEBUG] cheese - login => username:admin,password:123456111
[2020-11-15T13:25:11.938] [DEBUG] cheese - admin
[2020-11-15T13:25:11.941] [DEBUG] cheese - null
[2020-11-15T13:25:11.941] [DEBUG] cheese - null
[2020-11-15T13:25:14.855] [DEBUG] cheese - login => username:admin,password:123456
[2020-11-15T13:25:14.855] [DEBUG] cheese - admin
[2020-11-15T13:25:14.857] [DEBUG] cheese - null
[2020-11-15T13:25:14.857] [DEBUG] cheese - null
[2020-11-15T13:26:18.306] [DEBUG] cheese - login => username:admin,password:123456
[2020-11-15T13:26:18.306] [DEBUG] cheese - admin
[2020-11-15T13:26:18.308] [DEBUG] cheese - null
[2020-11-15T13:26:18.308] [DEBUG] cheese - null
[2020-11-15T13:26:20.836] [DEBUG] cheese - login => username:admin,password:123456111
[2020-11-15T13:26:20.836] [DEBUG] cheese - admin
[2020-11-15T13:26:20.838] [DEBUG] cheese - null
[2020-11-15T13:26:20.838] [DEBUG] cheese - null
[2020-11-15T13:26:44.527] [DEBUG] cheese - login => username:admin,password:123456
[2020-11-15T13:26:44.527] [DEBUG] cheese - admin
[2020-11-15T13:26:44.528] [DEBUG] cheese - null
[2020-11-15T13:26:44.529] [DEBUG] cheese - null
[2020-11-15T13:26:47.786] [DEBUG] cheese - login => username:admin,password:1234561
[2020-11-15T13:26:47.786] [DEBUG] cheese - admin
[2020-11-15T13:26:47.788] [DEBUG] cheese - null
[2020-11-15T13:26:47.788] [DEBUG] cheese - null
[2020-11-15T13:27:17.182] [DEBUG] cheese - login => username:admin,password:1234561
[2020-11-15T13:27:17.183] [DEBUG] cheese - admin
[2020-11-15T13:27:17.184] [DEBUG] cheese - null
[2020-11-15T13:27:17.185] [DEBUG] cheese - null
[2020-11-15T13:27:31.867] [DEBUG] cheese - login => username:admin,password:123456
[2020-11-15T13:27:31.868] [DEBUG] cheese - admin
[2020-11-15T13:27:31.869] [DEBUG] cheese - null
[2020-11-15T13:27:31.869] [DEBUG] cheese - null
[2020-11-15T13:27:34.721] [DEBUG] cheese - login => username:admin,password:12345688
[2020-11-15T13:27:34.721] [DEBUG] cheese - admin
[2020-11-15T13:27:34.723] [DEBUG] cheese - null
[2020-11-15T13:27:34.724] [DEBUG] cheese - null
[2020-11-15T13:27:37.304] [DEBUG] cheese - login => username:admin,password:12345688
[2020-11-15T13:27:37.304] [DEBUG] cheese - admin
[2020-11-15T13:27:37.305] [DEBUG] cheese - null
[2020-11-15T13:27:37.305] [DEBUG] cheese - null
[2020-11-15T13:27:49.352] [DEBUG] cheese - login => username:admin,password:12345611
[2020-11-15T13:27:49.352] [DEBUG] cheese - admin
[2020-11-15T13:27:49.354] [DEBUG] cheese - null
[2020-11-15T13:27:49.354] [DEBUG] cheese - null
[2020-11-15T13:28:20.535] [DEBUG] cheese - login => username:admin,password:123456
[2020-11-15T13:28:20.535] [DEBUG] cheese - admin
[2020-11-15T13:28:20.537] [DEBUG] cheese - null
[2020-11-15T13:28:20.537] [DEBUG] cheese - null
[2020-11-15T13:28:22.530] [DEBUG] cheese - login => username:admin,password:123456
[2020-11-15T13:28:22.530] [DEBUG] cheese - admin
[2020-11-15T13:28:22.533] [DEBUG] cheese - null
[2020-11-15T13:28:22.533] [DEBUG] cheese - null
[2020-11-15T13:28:24.135] [DEBUG] cheese - login => username:admin,password:12345611
[2020-11-15T13:28:24.135] [DEBUG] cheese - admin
[2020-11-15T13:28:24.137] [DEBUG] cheese - null
[2020-11-15T13:28:24.137] [DEBUG] cheese - null
[2020-11-15T13:28:32.108] [DEBUG] cheese - login => username:admis,password:12345611
[2020-11-15T13:28:32.109] [DEBUG] cheese - admis
[2020-11-15T13:28:32.110] [DEBUG] cheese - null
[2020-11-15T13:28:32.110] [DEBUG] cheese - null
[2020-11-15T13:28:44.954] [DEBUG] cheese - login => username:admis,password:12345611
[2020-11-15T13:28:44.954] [DEBUG] cheese - admis
[2020-11-15T13:28:44.955] [DEBUG] cheese - null
[2020-11-15T13:28:44.955] [DEBUG] cheese - null
[2020-11-15T13:28:47.879] [DEBUG] cheese - login => username:admin,password:123456
[2020-11-15T13:28:47.879] [DEBUG] cheese - admin
[2020-11-15T13:28:47.881] [DEBUG] cheese - null
[2020-11-15T13:28:47.881] [DEBUG] cheese - null
[2020-11-15T13:30:25.766] [DEBUG] cheese - login => username:admin,password:123456
[2020-11-15T13:30:25.766] [DEBUG] cheese - admin
[2020-11-15T13:30:25.770] [DEBUG] cheese - null
[2020-11-15T13:30:25.770] [DEBUG] cheese - null
[2020-11-15T13:30:46.122] [DEBUG] cheese - login => username:admin,password:123456
[2020-11-15T13:30:46.122] [DEBUG] cheese - admin
[2020-11-15T13:30:46.124] [DEBUG] cheese - null
[2020-11-15T13:30:46.124] [DEBUG] cheese - null
